<?xml version="1.0" encoding="UTF-8"?>
<!-- Generated by org.testng.reporters.JUnitXMLReporter -->
<testsuite hostname="CLASS01" name="Test" tests="3" failures="0" timestamp="1 Nov 2016 18:05:08 GMT" time="84.033" errors="0">
  <testcase name="testApp" time="0.011" classname="com.softserve.edu.reg.AppTest"/>
  <testcase name="checkAdminLogin" time="59.488" classname="com.softserve.edu.reg.tests.LoginTest"/>
  <testcase name="checkAdminLogin" time="22.701" classname="com.softserve.edu.reg.tests.LoginTest"/>
</testsuite> <!-- Test -->
